"../../../../../../Users/aliab/Desktop/Roller/Content/HiddenMaterial.uasset" 0
"../../../../../../Users/aliab/Desktop/Roller/Content/FreeMarket_Grid/Source/Textures/T_BasicGrid_N.uasset" 1
"../../../../../../Users/aliab/Desktop/Roller/Content/FreeMarket_Grid/Source/Textures/T_BasicGrid_M.uasset" 2
"../../../../../../Users/aliab/Desktop/Roller/Content/FreeMarket_Grid/Materials/Functions/UV/UV_SetupGrid.uasset" 3
"../../../Engine/Content/Functions/Engine_MaterialFunctions02/Utility/VectorLength.uasset" 4
"../../../Engine/Content/Functions/Engine_MaterialFunctions02/WorldPositionOffset/ObjectScale.uasset" 5
"../../../Engine/Content/Functions/Engine_MaterialFunctions02/Utility/Sign.uasset" 6
"../../../Engine/Content/Functions/Engine_MaterialFunctions02/Utility/Round.uasset" 7
"../../../Engine/Content/Functions/Engine_MaterialFunctions02/Utility/BreakOutFloat3Components.uasset" 8
"../../../../../../Users/aliab/Desktop/Roller/Content/FreeMarket_Grid/Materials/Functions/UV/UV_ObjectScalable.uasset" 9
"../../../../../../Users/aliab/Desktop/Roller/Content/FreeMarket_Grid/Materials/Functions/Texture/Tex_SimpleGrid.uasset" 10
"../../../../../../Users/aliab/Desktop/Roller/Content/FreeMarket_Grid/Materials/Functions/Basic/BreakSet.uasset" 11
"../../../../../../Users/aliab/Desktop/Roller/Content/FreeMarket_Grid/Materials/Functions/Texture/Dye_SingleColor.uasset" 12
"../../../../../../Users/aliab/Desktop/Roller/Content/FreeMarket_Grid/Materials/Functions/Basic/Roughness.uasset" 13
"../../../Engine/Content/Functions/Engine_MaterialFunctions02/Utility/MakeFloat3.uasset" 14
"../../../../../../Users/aliab/Desktop/Roller/Content/FreeMarket_Grid/Materials/Functions/Basic/MakeSet.uasset" 15
"../../../../../../Users/aliab/Desktop/Roller/Content/FreeMarket_Grid/Materials/Base/M_SuperGrid_SingleColor.uasset" 16
"../../../../../../Users/aliab/Desktop/Roller/Content/FreeMarket_Grid/Materials/Palette/Grids/M_SuperGrid_Default.uasset" 17
"../../../../../../Users/aliab/Desktop/Roller/Content/FreeMarket_Grid/Source/Meshes/SuperGrid_BoxCentered.uasset" 18
"../../../../../../Users/aliab/Desktop/Roller/Content/FreeMarket_Grid/Source/Meshes/SuperGrid_CylinderFull.uasset" 19
"../../../../../../Users/aliab/Desktop/Roller/Content/Geometry/CubeMaterial.uasset" 20
"../../../../../../Users/aliab/Desktop/Roller/Content/Geometry/Body.uasset" 21
"../../../../../../Users/aliab/Desktop/Roller/Content/Geometry/Weapon.uasset" 22
"../../../../../../Users/aliab/Desktop/Roller/Content/Platformer/Textures/Pl_plastic_r.uasset" 23
"../../../../../../Users/aliab/Desktop/Roller/Content/Platformer/Textures/Pl_plastic_n.uasset" 24
"../../../../../../Users/aliab/Desktop/Roller/Content/Platformer/Materials/M_Metal_Black_Parent.uasset" 25
"../../../../../../Users/aliab/Desktop/Roller/Content/Platformer/Materials/M_Metal_Gold_Instance.uasset" 26
"../../../../../../Users/aliab/Desktop/Roller/Content/Platformer/Meshes/Pl_Coin_01.uasset" 27
"../../../../../../Users/aliab/Desktop/Roller/Content/Rolling/Materials/BaseMaterial.uasset" 28
"../../../../../../Users/aliab/Desktop/Roller/Content/Rolling/Materials/GrayMaterial.uasset" 29
"../../../../../../Users/aliab/Desktop/Roller/Content/Rolling/Materials/GrayMetalMaterial.uasset" 30
"../../../../../../Users/aliab/Desktop/Roller/Content/Rolling/Materials/OrangeMetalMaterial.uasset" 31
"../../../../../../Users/aliab/Desktop/Roller/Content/Rolling/Materials/PM_Ball.uasset" 32
"../../../Engine/Content/EngineMaterials/Grid.uasset" 33
"../../../../../../Users/aliab/Desktop/Roller/Content/Rolling/Materials/M_Blue_Checker.uasset" 34
"../../../../../../Users/aliab/Desktop/Roller/Content/Rolling/Meshes/BallMesh.uasset" 35
"../../../../../../Users/aliab/Desktop/Roller/Content/SciFiWeapDark/Weapons/Textures/T_Darkness_RocketLauncherColor_M.uasset" 36
"../../../../../../Users/aliab/Desktop/Roller/Content/SciFiWeapDark/Weapons/Textures/T_Darkness_RocketLauncher_N.uasset" 37
"../../../../../../Users/aliab/Desktop/Roller/Content/SciFiWeapDark/Weapons/Textures/T_Darkness_RocketLauncher_Masks.uasset" 38
"../../../../../../Users/aliab/Desktop/Roller/Content/SciFiWeapDark/Weapons/Textures/T_Darkness_RocketLauncher_D.uasset" 39
"../../../../../../Users/aliab/Desktop/Roller/Content/SciFiWeapDark/Weapons/Textures/T_Darkness_AssaultRifleColor_M.uasset" 40
"../../../../../../Users/aliab/Desktop/Roller/Content/SciFiWeapDark/Weapons/Textures/T_Darkness_AssaultRifle_N.uasset" 41
"../../../../../../Users/aliab/Desktop/Roller/Content/SciFiWeapDark/Weapons/Textures/T_Darkness_AssaultRifle_Masks.uasset" 42
"../../../../../../Users/aliab/Desktop/Roller/Content/SciFiWeapDark/Weapons/Textures/T_Darkness_AssaultRifle_D.uasset" 43
"../../../../../../Users/aliab/Desktop/Roller/Content/SciFiWeapDark/Weapons/Materials/M_WeaponMaster_Em.uasset" 44
"../../../../../../Users/aliab/Desktop/Roller/Content/SciFiWeapDark/Weapons/Materials/M_RocketLauncher_Inst.uasset" 45
"../../../../../../Users/aliab/Desktop/Roller/Content/SciFiWeapDark/Weapons/Darkness_RocketLauncher_Ammo.uasset" 46
"../../../../../../Users/aliab/Desktop/Roller/Content/UI/RetryAgain.uasset" 47
"../../../Engine/Content/EngineMaterials/T_Default_Material_Grid_N.uasset" 48
"../../../Engine/Content/EngineMaterials/T_Default_Material_Grid_M.uasset" 49
"../../../Engine/Content/Functions/Engine_MaterialFunctions01/Opacity/CameraDepthFade.uasset" 50
"../../../Engine/Content/EngineMaterials/WorldGridMaterial.uasset" 51
"../../../Engine/Content/ArtTools/RenderToTexture/Meshes/S_1_Unit_Plane.uasset" 52
"../../../Engine/Content/EngineMaterials/DefaultMaterial.uasset" 53
"../../../Engine/Content/BasicShapes/Cone.uasset" 54
"../../../Engine/Content/BasicShapes/Cube.uasset" 55
"../../../Engine/Content/BasicShapes/Plane.uasset" 56
"../../../Engine/Content/EditorLandscapeResources/DataLayer.uasset" 57
"../../../Engine/Content/EditorLandscapeResources/DefaultAlphaTexture.uasset" 58
"../../../Engine/Content/EditorMaterials/MAT_Groups_Toggle.uasset" 59
"../../../Engine/Content/EditorMaterials/MAT_Groups_Visibility.uasset" 60
"../../../Engine/Content/EditorMaterials/PreviewShadowIndicator.uasset" 61
"../../../Engine/Content/EditorMaterials/PreviewShadowIndicatorMaterial.uasset" 62
"../../../Engine/Content/EditorMaterials/MatineeGroups/MAT_ColorTrack.uasset" 63
"../../../Engine/Content/EditorMaterials/MatineeGroups/MAT_Groups_Anim.uasset" 64
"../../../Engine/Content/EditorMaterials/MatineeGroups/MAT_Groups_AudioMaster.uasset" 65
"../../../Engine/Content/EditorMaterials/MatineeGroups/MAT_Groups_Director.uasset" 66
"../../../Engine/Content/EditorMaterials/MatineeGroups/MAT_Groups_Event.uasset" 67
"../../../Engine/Content/EditorMaterials/MatineeGroups/MAT_Groups_Fade.uasset" 68
"../../../Engine/Content/EditorMaterials/MatineeGroups/MAT_Groups_Float.uasset" 69
"../../../Engine/Content/EditorMaterials/MatineeGroups/MAT_Groups_Move.uasset" 70
"../../../Engine/Content/EditorMaterials/MatineeGroups/MAT_Groups_Slomo.uasset" 71
"../../../Engine/Content/EditorMaterials/MatineeGroups/MAT_Groups_Sound.uasset" 72
"../../../Engine/Content/EditorMaterials/MatineeGroups/MAT_Groups_Vector.uasset" 73
"../../../Engine/Content/EditorMaterials/ParticleSystems/PSysThumbnail_NoImage.uasset" 74
"../../../Engine/Content/EditorMaterials/ParticleSystems/PSysThumbnail_OOD.uasset" 75
"../../../Engine/Content/EditorMaterials/Camera/CineMat.uasset" 76
"../../../Engine/Content/EditorMaterials/Camera/MI_CineMat_Rig.uasset" 77
"../../../Engine/Content/EditorMeshes/Camera/SM_CraneRig_Arm.uasset" 78
"../../../Engine/Content/EditorMeshes/Camera/SM_CraneRig_Base.uasset" 79
"../../../Engine/Content/EditorMeshes/Camera/SM_CraneRig_Body.uasset" 80
"../../../Engine/Content/EditorMeshes/Camera/SM_CraneRig_Mount.uasset" 81
"../../../Engine/Content/EditorMeshes/Camera/SM_RailRig_Mount.uasset" 82
"../../../Engine/Content/EditorMeshes/Camera/SM_RailRig_Track.uasset" 83
"../../../Engine/Content/EditorResources/BSPVertex.uasset" 84
"../../../Engine/Content/EditorResources/EmptyActor.uasset" 85
"../../../Engine/Content/EditorResources/S_Actor.uasset" 86
"../../../Engine/Content/EditorResources/S_Note.uasset" 87
"../../../Engine/Content/EditorResources/S_Solver.uasset" 88
"../../../Engine/Content/EditorResources/S_Terrain.uasset" 89
"../../../Engine/Content/EditorResources/S_Trigger.uasset" 90
"../../../Engine/Content/EditorResources/SequenceRecorder/Countdown.uasset" 91
"../../../Engine/Content/EditorResources/SequenceRecorder/RecordingIndicator.uasset" 92
"../../../Engine/Content/EngineDamageTypes/DmgTypeBP_Environmental.uasset" 93
"../../../Engine/Content/EngineDebugMaterials/DebugEditorMaterial.uasset" 94
"../../../Engine/Content/EngineDebugMaterials/DebugMeshMaterial.uasset" 95
"../../../Engine/Content/EngineDebugMaterials/M_SimpleUnlitTranslucent.uasset" 96
"../../../Engine/Content/EngineDebugMaterials/VolumeToRender.uasset" 97
"../../../Engine/Content/Functions/Engine_MaterialFunctions02/Utility/CameraDirectionVector.uasset" 98
"../../../Engine/Content/EngineDebugMaterials/M_VolumeRenderSphereTracePP.uasset" 99
"../../../Engine/Content/Functions/Engine_MaterialFunctions01/Shading/ConvertFromDiffSpec.uasset" 100
"../../../Engine/Content/EngineDebugMaterials/VertexColorMaterial.uasset" 101
"../../../Engine/Content/EngineDebugMaterials/WireframeMaterial.uasset" 102
"../../../Engine/Content/EngineFonts/Faces/RobotoRegular.uasset" 103
"../../../Engine/Content/EngineFonts/Faces/RobotoLight.uasset" 104
"../../../Engine/Content/EngineFonts/Faces/RobotoItalic.uasset" 105
"../../../Engine/Content/EngineFonts/Faces/RobotoBoldItalic.uasset" 106
"../../../Engine/Content/EngineFonts/Faces/RobotoBold.uasset" 107
"../../../Engine/Content/EngineFonts/Faces/DroidSansFallback.uasset" 108
"../../../Engine/Content/EngineFonts/Roboto.uasset" 109
"../../../Engine/Content/EngineMaterials/BaseFlattenNormalMap.uasset" 110
"../../../Engine/Content/EngineMaterials/BaseFlattenGrayscaleMap.uasset" 111
"../../../Engine/Content/EngineMaterials/BaseFlattenEmissiveMap.uasset" 112
"../../../Engine/Content/EngineMaterials/BaseFlattenDiffuseMap.uasset" 113
"../../../Engine/Content/EngineMaterials/BaseFlattenMaterial.uasset" 114
"../../../Engine/Content/EngineMaterials/BlueNoise.uasset" 115
"../../../Engine/Content/EngineMaterials/DefaultBloomKernel.uasset" 116
"../../../Engine/Content/EngineMaterials/DefaultBokeh.uasset" 117
"../../../Engine/Content/EngineMaterials/DefaultDiffuse.uasset" 118
"../../../Engine/Content/EngineMaterials/DefaultDeferredDecalMaterial.uasset" 119
"../../../Engine/Content/EngineMaterials/DefaultLightFunctionMaterial.uasset" 120
"../../../Engine/Content/EngineMaterials/DefaultPhysicalMaterial.uasset" 121
"../../../Engine/Content/Functions/Engine_MaterialFunctions02/Utility/BreakOutFloat2Components.uasset" 122
"../../../Engine/Content/EngineMaterials/DefaultPostProcessMaterial.uasset" 123
"../../../Engine/Content/EngineFonts/RobotoDistanceField.uasset" 124
"../../../Engine/Content/EngineMaterials/DefaultTextMaterialOpaque.uasset" 125
"../../../Engine/Content/EngineMaterials/DefaultWhiteGrid.uasset" 126
"../../../Engine/Content/EngineMaterials/DefaultWhiteGrid_Low.uasset" 127
"../../../Engine/Content/EngineMaterials/EmissiveMeshMaterial.uasset" 128
"../../../Engine/Content/EngineMaterials/GizmoMaterial.uasset" 129
"../../../Engine/Content/EngineMaterials/Good64x64TilingNoiseHighFreq.uasset" 130
"../../../Engine/Content/EngineMaterials/MiniFont.uasset" 131
"../../../Engine/Content/EngineMaterials/InvalidLightmapSettings.uasset" 132
"../../../Engine/Content/EngineMaterials/M_InvalidLightmapSettings.uasset" 133
"../../../Engine/Content/Functions/Engine_MaterialFunctions02/WorldPositionOffset/CameraOffset.uasset" 134
"../../../Engine/Content/EngineMaterials/PhAT_JointLimitMaterial.uasset" 135
"../../../Engine/Content/EngineMaterials/PreintegratedSkinBRDF.uasset" 136
"../../../Engine/Content/EngineMaterials/RemoveSurfaceMaterial.uasset" 137
"../../../Engine/Content/EngineMaterials/WeightMapPlaceholderTexture.uasset" 138
"../../../Engine/Content/EngineResources/WhiteSquareTexture.uasset" 139
"../../../Engine/Content/EngineMaterials/Widget3DPassThrough.uasset" 140
"../../../Engine/Content/EngineMaterials/Widget3DPassThrough_Masked.uasset" 141
"../../../Engine/Content/EngineMaterials/Widget3DPassThrough_Opaque.uasset" 142
"../../../Engine/Content/EngineMaterials/Widget3DPassThrough_Masked_OneSided.uasset" 143
"../../../Engine/Content/EngineMaterials/Widget3DPassThrough_Opaque_OneSided.uasset" 144
"../../../Engine/Content/EngineMaterials/Widget3DPassThrough_Translucent.uasset" 145
"../../../Engine/Content/EngineMaterials/Widget3DPassThrough_Translucent_OneSided.uasset" 146
"../../../Engine/Content/EngineMeshes/Cylinder.uasset" 147
"../../../Engine/Content/EngineMeshes/Sphere.uasset" 148
"../../../Engine/Content/EngineResources/Black.uasset" 149
"../../../Engine/Content/EngineResources/DefaultTextureCube.uasset" 150
"../../../Engine/Content/EngineResources/DefaultVolumeTexture2D.uasset" 151
"../../../Engine/Content/EngineResources/DefaultVolumeTexture.uasset" 152
"../../../Engine/Content/EngineResources/GradientTexture0.uasset" 153
"../../../Engine/Content/EngineSky/VolumetricClouds/T_NoiseShape64.uasset" 154
"../../../Engine/Content/EngineSky/VolumetricClouds/T_VolumeNoiseShape64.uasset" 155
"../../../Engine/Content/EngineSky/VolumetricClouds/T_NoiseErosion.uasset" 156
"../../../Engine/Content/EngineSky/VolumetricClouds/T_VolumeNoiseErosion32.uasset" 157
"../../../Engine/Content/EngineSky/VolumetricClouds/CloudWeatherTexture.uasset" 158
"../../../Engine/Content/EngineSky/VolumetricClouds/CloudGradientTexture.uasset" 159
"../../../Engine/Content/Functions/Engine_MaterialFunctions02/Utility/MakeFloat2.uasset" 160
"../../../Engine/Content/EngineSky/VolumetricClouds/m_SimpleVolumetricCloud.uasset" 161
"../../../Engine/Content/EngineSky/VolumetricClouds/m_SimpleVolumetricCloud_Inst.uasset" 162
"../../../Engine/Content/EngineSounds/Master.uasset" 163
"../../../Engine/Content/Functions/Engine_MaterialFunctions01/Shading/PowerToRoughness.uasset" 164
"../../../Engine/Content/Maps/Templates/Thumbnails/Default.uasset" 165
"../../../Engine/Content/Maps/Templates/Thumbnails/TimeOfDay.uasset" 166
"../../../Engine/Content/Maps/Templates/Thumbnails/VR-Basic.uasset" 167
"../../../Engine/Content/MobileResources/T_MobileControls_texture.uasset" 168
"../../../Engine/Content/MobileResources/T_MobileMenu2.uasset" 169
"../../../Engine/Content/MobileResources/HUD/AnalogHat.uasset" 170
"../../../Engine/Content/MobileResources/HUD/VirtualJoystick_Thumb.uasset" 171
"../../../Engine/Content/MobileResources/HUD/VirtualJoystick_Background.uasset" 172
"../../../Engine/Content/MobileResources/HUD/DefaultVirtualJoysticks.uasset" 173
"../../../Engine/Content/MobileResources/HUD/LeftVirtualJoystickOnly.uasset" 174
"../../../Engine/Content/MobileResources/HUD/MobileHUDButton1_off.uasset" 175
"../../../Engine/Content/MobileResources/HUD/MobileHUDButton1_on.uasset" 176
"../../../Engine/Content/MobileResources/HUD/MobileHUDButton2_off.uasset" 177
"../../../Engine/Content/MobileResources/HUD/MobileHUDButton2_on.uasset" 178
"../../../Engine/Content/MobileResources/HUD/MobileHUDButton3.uasset" 179
"../../../Engine/Content/MobileResources/HUD/MobileHUDButtonFire.uasset" 180
"../../../Engine/Content/MobileResources/HUD/MobileHUDDirectionPad.uasset" 181
"../../../Engine/Content/MobileResources/HUD/MobileHUDDirectionPad2.uasset" 182
"../../../Engine/Content/MobileResources/HUD/MobileHUDDirectionPad3.uasset" 183
"../../../Engine/Content/MobileResources/HUD/MobileHUDDirectionStick.uasset" 184
"../../../Engine/Content/MobileResources/HUD/T_Castle_ThumbstickInner.uasset" 185
"../../../Engine/Content/MobileResources/HUD/T_Castle_ThumbstickOutter.uasset" 186
"../../../Engine/Content/Tutorial/ContentIntroCurve.uasset" 187
"../../../Engine/Content/Tutorial/Basics/LevelEditorAttract.uasset" 188
"../../../Engine/Content/Tutorial/Basics/TutorialAssets/icon_tab_Levels_40x.uasset" 189
"../../../Engine/Content/Tutorial/Basics/LevelEditorOverview.uasset" 190
"../../../Engine/Content/Tutorial/BlueprintTutorials/TutorialAssets/Blueprint_64x.uasset" 191
"../../../Engine/Content/Tutorial/BlueprintTutorials/BlueprintEditorTutorial.uasset" 192
"../../../Engine/Content/Tutorial/Landscape/TutorialAssets/Landscape.uasset" 193
"../../../Engine/Content/Tutorial/Landscape/LandscapeWalkThrough.uasset" 194
"../../../Engine/Content/Tutorial/Landscape/Landscape_Manage_Mode.uasset" 195
"../../../Engine/Content/EditorBlueprintResources/StandardMacros.uasset" 196
"../../../Engine/Content/Tutorial/Landscape/Landscape_Painting_Mode.uasset" 197
"../../../Engine/Content/Tutorial/Landscape/Landscape_Sculpt_Mode.uasset" 198
"../../../Engine/Content/VREditor/TransformGizmo/TranslucentTransformGizmoMaterial.uasset" 199
"../../../Engine/Content/VREditor/LaserPointer/VR_LaserPower_01.uasset" 200
"../../../Engine/Content/VREditor/TransformGizmo/TransformGizmoMaterial.uasset" 201
"../../../Engine/Content/VREditor/TransformGizmo/BoundingBoxCorner.uasset" 202
"../../../Engine/Content/VREditor/TransformGizmo/BoundingBoxEdge.uasset" 203
"../../../Engine/Content/VREditor/TransformGizmo/PlaneTranslationHandle.uasset" 204
"../../../Engine/Content/VREditor/TransformGizmo/Xray.uasset" 205
"../../../Engine/Content/VREditor/TransformGizmo/Main.uasset" 206
"../../../Engine/Content/VREditor/TransformGizmo/SM_Sequencer_Key.uasset" 207
"../../../Engine/Content/VREditor/TransformGizmo/SM_Sequencer_Node.uasset" 208
"../../Plugins/2D/Paper2D/Content/PlaceholderTextures/DummySpriteTexture.uasset" 209
"../../Plugins/2D/Paper2D/Content/DummySprite.uasset" 210
"../../Plugins/2D/Paper2D/Content/DefaultPaperTerrainMaterial.uasset" 211
"../../Plugins/2D/Paper2D/Content/DefaultSpriteMaterial.uasset" 212
"../../Plugins/2D/Paper2D/Content/MaskedUnlitSpriteMaterial.uasset" 213
"../../Plugins/2D/Paper2D/Content/OpaqueUnlitSpriteMaterial.uasset" 214
"../../../Engine/Content/BasicShapes/Cylinder.uasset" 215
"../../../Engine/Content/ArtTools/RenderToTexture/Materials/Debug/M_Emissive_Color.uasset" 216
"../../Plugins/Lumin/MagicLeapPassableWorld/Content/MagicLeapARPinInfoActor.uasset" 217
"../../Plugins/Editor/SpeedTreeImporter/Content/SpeedTree9/UnpackInteger3.uasset" 218
"../../Plugins/Editor/SpeedTreeImporter/Content/SpeedTree9/UnpackDirection.uasset" 219
"../../Plugins/Editor/SpeedTreeImporter/Content/SpeedTree9/game_wind_noise.uasset" 220
"../../../Engine/Content/Functions/Engine_MaterialFunctions02/SafeNormalize.uasset" 221
"../../Plugins/Editor/SpeedTreeImporter/Content/SpeedTree9/SpeedTreeWindMotion.uasset" 222
"../../Plugins/Editor/SpeedTreeImporter/Content/SpeedTree9/SpeedTreeBranchMotion.uasset" 223
"../../../Engine/Content/Functions/Engine_MaterialFunctions02/ObjectLocalBounds.uasset" 224
"../../../Engine/Content/Functions/Engine_MaterialFunctions02/UVs/BoundingBoxBased_0-1_UVW.uasset" 225
"../../Plugins/Editor/SpeedTreeImporter/Content/SpeedTree9/SpeedTreeWind.uasset" 226
"../../Plugins/Editor/SpeedTreeImporter/Content/SpeedTree9/SpeedTreeBillboard.uasset" 227
"../../../Engine/Content/EngineResources/DefaultTexture.uasset" 228
"../../Plugins/Editor/SpeedTreeImporter/Content/SpeedTree9/SpeedTreeBillboardMaster.uasset" 229
"../../Plugins/Editor/SpeedTreeImporter/Content/SpeedTree9/SpeedTreeCameraFacing.uasset" 230
"../../Plugins/Editor/SpeedTreeImporter/Content/SpeedTree9/SpeedTreeMaster.uasset" 231
"../../../Engine/Content/Functions/Engine_MaterialFunctions02/Utility/BreakOutFloat4Components.uasset" 232
"../../Plugins/Runtime/Oculus/OculusVR/Content/Materials/OculusMR_ChromaKey.uasset" 233
"../../Plugins/Runtime/Oculus/OculusVR/Content/Materials/OculusMR_OpaqueColoredMaterial.uasset" 234
"../../Plugins/Runtime/Oculus/OculusVR/Content/Materials/PokeAHoleMaterial.uasset" 235
"../../../Engine/Content/EngineSky/T_Sky_Stars.uasset" 236
"../../../Engine/Content/EngineSky/T_Sky_Clouds_M.uasset" 237
"../../../Engine/Content/EngineSky/T_Sky_Blue.uasset" 238
"../../../Engine/Content/BasicShapes/Sphere.uasset" 239
"../../../Engine/Content/EngineSky/M_Sky_Panning_Clouds2.uasset" 240
"../../../Engine/Content/EngineSky/SM_SkySphere.uasset" 241
"../../../Engine/Content/EngineSky/C_Sky_Zenith_Color.uasset" 242
"../../../Engine/Content/EngineSky/C_Sky_Horizon_Color.uasset" 243
"../../../Engine/Content/EngineSky/C_Sky_Cloud_Color.uasset" 244
"../../../Engine/Content/EngineSky/BP_Sky_Sphere.uasset" 245
"../../../../../../Users/aliab/Desktop/Roller/Content/UI/MainHud.uasset" 246
"../../../../../../Users/aliab/Desktop/Roller/Content/RollingExampleMap1.umap" 247
"../../../Engine/Content/Maps/Entry_BuiltData.uasset" 248
"../../../Engine/Content/Maps/Entry.umap" 249
